<?xml version="1.0" encoding="UTF-8"?>
<testsuite xmlns:xsi="http://www.w3.org/2001/XMLSchema-instance" xsi:noNamespaceSchemaLocation="https://maven.apache.org/surefire/maven-surefire-plugin/xsd/surefire-test-report-3.0.xsd" version="3.0" name="GradeTestingTest" time="237.839" tests="1" errors="0" skipped="0" failures="0">
  <properties>
[...]
</properties>
  <testcase name="testGrades" classname="GradeTestingTest" time="237.786">
    <system-out><![CDATA[Test Failed - Expected letter grade: Grade must be less than or equal to 100., Actual letter grade: A
Test complete
Test Passed - Expected letter grade: A, Actual letter grade: A
Test complete
Test Passed - Expected letter grade: A-, Actual letter grade: A-
Test complete
Test Passed - Expected letter grade: B+, Actual letter grade: B+
Test complete
Test Failed - Expected letter grade: B, Actual letter grade: 
Test complete
Test Passed - Expected letter grade: B-, Actual letter grade: B-
Test complete
Test Passed - Expected letter grade: C+, Actual letter grade: C+
Test complete
Test Passed - Expected letter grade: C, Actual letter grade: C
Test complete
Test Passed - Expected letter grade: C-, Actual letter grade: C-
Test complete
Test Failed - Expected letter grade: D+, Actual letter grade: 
Test complete
Test Failed - Expected letter grade: D, Actual letter grade: 
Test complete
Test Passed - Expected letter grade: F, Actual letter grade: F
Test complete
Test Failed - Expected letter grade: Grade must be greater than or equal to zero., Actual letter grade: F
Test complete
]]></system-out>
    <system-err><![CDATA[Starting ChromeDriver 124.0.6367.2 (1e9ddb6ef37e360f44beec3221a2a1f3d2eebcc2-refs/branch-heads/6367@{#6}) on port 17986
Only local connections are allowed.
Please see https://chromedriver.chromium.org/security-considerations for suggestions on keeping ChromeDriver safe.
ChromeDriver was started successfully.
May 10, 2024 11:55:07 PM org.openqa.selenium.remote.ProtocolHandshake createSession
INFO: Detected dialect: W3C
]]></system-err>
  </testcase>
</testsuite>